offset|type|name|id|url
0|category|Customer Success|137293|https://app.tettra.co/teams/measurabl/categories/137293
0-0|folder|Customer Onboarding|18399|https://app.tettra.co/teams/measurabl/categories/137293/folders/18399
0-0-0|page|Sales Transition|sales-transition|https://app.tettra.co/teams/measurabl/pages/sales-transition
0-0-1|page|Baseline Account Set-up for Hybrid Properties|baseline-account-set-up-for-hybrid-properties|https://app.tettra.co/teams/measurabl/pages/baseline-account-set-up-for-hybrid-properties
0-0-2|page|Baseline Account Set-up for Users with multiple ENERGY STAR accounts|baseline-account-set-up-for-users-with-multiple-energy-star-accounts|https://app.tettra.co/teams/measurabl/pages/baseline-account-set-up-for-users-with-multiple-energy-star-accounts
0-0-3|page|Baseline Account Set-up for ESTAR Manual|baseline-account-set-up-for-estar-manual|https://app.tettra.co/teams/measurabl/pages/baseline-account-set-up-for-estar-manual
0-0-4|page|Wrap-Up of On-boarding|wrap-up-of-on-boarding|https://app.tettra.co/teams/measurabl/pages/wrap-up-of-on-boarding
0-0-5|page|Initial Customer Training|initial-customer-training|https://app.tettra.co/teams/measurabl/pages/initial-customer-training
0-0-6|page|Baseline Account Set-up for EStar Pros + Usync|baseline-account-set-up-for-estar-pros-usync|https://app.tettra.co/teams/measurabl/pages/baseline-account-set-up-for-estar-pros-usync
0-0-7|page|Baseline Account Set-up for Usync Newbie|baseline-account-set-up-for-usync-newbie|https://app.tettra.co/teams/measurabl/pages/baseline-account-set-up-for-usync-newbie
0-0-8|page|Baseline Account Set-up for Limited E-billing Customers|baseline-account-set-up-for-limited-e-billing-customers|https://app.tettra.co/teams/measurabl/pages/baseline-account-set-up-for-limited-e-billing-customers
0-0-9|page|Baseline Account Set-up for Manual|baseline-account-set-up-for-manual|https://app.tettra.co/teams/measurabl/pages/baseline-account-set-up-for-manual
0-1|folder|Zendesk|12368|https://app.tettra.co/teams/measurabl/categories/137293/folders/12368
0-1-0|page|Monthly Customer Support KPI Report|monthly-customer-support-kpi-report|https://app.tettra.co/teams/measurabl/pages/monthly-customer-support-kpi-report
0-1-1|page|Customer Support Monthly Metrics|customer-support-monthly-metrics|https://app.tettra.co/teams/measurabl/pages/customer-support-monthly-metrics
0-1-2|page|Troubleshooting User Issues|troubleshooting-user-issues|https://app.tettra.co/teams/measurabl/pages/troubleshooting-user-issues
0-1-3|page|Knowledgebase Article Template and Guidance|knowledgebase-article-template-and-guidance|https://app.tettra.co/teams/measurabl/pages/knowledgebase-article-template-and-guidance
0-1-4|page|Categorizing & Grouping Zendesk Tickets|categorizing-grouping-zendesk-tickets|https://app.tettra.co/teams/measurabl/pages/categorizing-grouping-zendesk-tickets
0-1-5|page|Ticket Tags & Checkboxes|ticket-tags-checkboxes|https://app.tettra.co/teams/measurabl/pages/ticket-tags-checkboxes
0-1-6|page|Zendesk Integrations|zendesk-integrations|https://app.tettra.co/teams/measurabl/pages/zendesk-integrations
0-1-7|page|Zendesk Ticket Practice Workflow|zendesk-ticket-practice-workflow|https://app.tettra.co/teams/measurabl/pages/zendesk-ticket-practice-workflow
0-1-8|page|Zendesk & Knowledge Base Statistics|zendesk-knowledge-base-statistics|https://app.tettra.co/teams/measurabl/pages/zendesk-knowledge-base-statistics
0-1-9|page|Zen Desk Inbox Management|zen-desk-inbox-management|https://app.tettra.co/teams/measurabl/pages/zen-desk-inbox-management
0-1-10|page|Zendesk Training Videos|zendesk-training-videos|https://app.tettra.co/teams/measurabl/pages/zendesk-training-videos
0-2|folder|GRESB 2019|12389|https://app.tettra.co/teams/measurabl/categories/137293/folders/12389
0-2-0|page|CSM Workflow: GRESB|csm-workflow-gresb|https://app.tettra.co/teams/measurabl/pages/csm-workflow-gresb
0-2-1|page|Data Check|data-check|https://app.tettra.co/teams/measurabl/pages/data-check
0-2-2|page|ISOS Training 2019|isos-training-2019|https://app.tettra.co/teams/measurabl/pages/isos-training-2019
0-2-3|page|GRESB Qualitative API Feature|gresb-qualitative-api-feature|https://app.tettra.co/teams/measurabl/pages/gresb-qualitative-api-feature
0-2-4|page|Prior Year to Current Year GRESB Mapping|prior-year-to-current-year-gresb-mapping|https://app.tettra.co/teams/measurabl/pages/prior-year-to-current-year-gresb-mapping
0-2-5|page|New Construction & Major Renovation|new-construction-major-renovation|https://app.tettra.co/teams/measurabl/pages/new-construction-major-renovation
0-2-6|page|2018 GRESB Score Debriefs|2018-gresb-score-debriefs|https://app.tettra.co/teams/measurabl/pages/2018-gresb-score-debriefs
0-2-7|page|Response Check (GRESB)|response-check-gresb|https://app.tettra.co/teams/measurabl/pages/response-check-gresb
0-2-8|page|GRESB 2018 Guidance (Cheat Sheet)|gresb-2018-guidance-cheat-sheet|https://app.tettra.co/teams/measurabl/pages/gresb-2018-guidance-cheat-sheet
0-2-9|page|GRESB Final Submission Review and Audit Process|gresb-final-submission-review-and-audit-process|https://app.tettra.co/teams/measurabl/pages/gresb-final-submission-review-and-audit-process
0-2-10|page|Measurabl -> GRESB Mapping 2018|measurabl-gresb-mapping-2018|https://app.tettra.co/teams/measurabl/pages/measurabl-gresb-mapping-2018
0-2-11|page|2018 Intensity Calculations|2018-intensity-calculations|https://app.tettra.co/teams/measurabl/pages/2018-intensity-calculations
0-2-12|page|Projects Roll-up|projects-roll-up|https://app.tettra.co/teams/measurabl/pages/projects-roll-up
0-2-13|page|GRESB Asset-level upload|gresb-asset-level-upload|https://app.tettra.co/teams/measurabl/pages/gresb-asset-level-upload
0-2-14|page|Factors for Intensity and Score Calcs|factors-for-intensity-and-score-calcs|https://app.tettra.co/teams/measurabl/pages/factors-for-intensity-and-score-calcs
0-2-15|page|Official GRESB Response Check|official-gresb-response-check-1|https://app.tettra.co/teams/measurabl/pages/official-gresb-response-check-1
0-2-16|page|GRESB Certification Approval|gresb-certification-approval|https://app.tettra.co/teams/measurabl/pages/gresb-certification-approval
0-3|folder|CSM Tasks|18478|https://app.tettra.co/teams/measurabl/categories/137293/folders/18478
0-3-0|page|CSM Quarterly Tasks|csm-quarterly-tasks|https://app.tettra.co/teams/measurabl/pages/csm-quarterly-tasks
0-3-1|page|Historical Data Project|historical-data-project|https://app.tettra.co/teams/measurabl/pages/historical-data-project
0-3-2|page|Yardi Anomalous Data Review|yardi-anomalous-data-review|https://app.tettra.co/teams/measurabl/pages/yardi-anomalous-data-review
0-4|folder|Urjanet|13292|https://app.tettra.co/teams/measurabl/categories/137293/folders/13292
0-4-0|page|Urjanet & Measurabl Meetings - Video Recordings|urjanet-measurabl-meetings-video-recordings|https://app.tettra.co/teams/measurabl/pages/urjanet-measurabl-meetings-video-recordings
0-4-1|page|Utility Vendors not supported by UtilitySync|utility-vendors-not-supported-by-utilitysync|https://app.tettra.co/teams/measurabl/pages/utility-vendors-not-supported-by-utilitysync
0-4-2|page|Known Data Issues|known-data-issues|https://app.tettra.co/teams/measurabl/pages/known-data-issues
0-5|folder|ENERGY STAR|15851|https://app.tettra.co/teams/measurabl/categories/137293/folders/15851
0-5-0|page|How Campuses Appear in Measurabl|how-campuses-appear-in-measurabl|https://app.tettra.co/teams/measurabl/pages/how-campuses-appear-in-measurabl
0-6|folder|Assembla Wikis|14773|https://app.tettra.co/teams/measurabl/categories/137293/folders/14773
0-6-0|page|Site Anomaly Detector|site-anomaly-detector|https://app.tettra.co/teams/measurabl/pages/site-anomaly-detector
0-6-1|page|Hubspot Domain|hubspot-domain|https://app.tettra.co/teams/measurabl/pages/hubspot-domain
0-6-2|page|Utility Sync On Boarding Process|utility-sync-on-boarding-process|https://app.tettra.co/teams/measurabl/pages/utility-sync-on-boarding-process
0-6-3|page|Resend Invitation|resend-invitation|https://app.tettra.co/teams/measurabl/pages/resend-invitation
0-6-4|page|Sales to CS Workflow|sales-to-cs-workflow|https://app.tettra.co/teams/measurabl/pages/sales-to-cs-workflow
0-7|folder|Excel Tricks|14445|https://app.tettra.co/teams/measurabl/categories/137293/folders/14445
0-7-0|page|Excel Diff|excel-diff|https://app.tettra.co/teams/measurabl/pages/excel-diff
0-8|folder|GRI|13698|https://app.tettra.co/teams/measurabl/categories/137293/folders/13698
0-8-0|page|GRI Overview|gri-overview|https://app.tettra.co/teams/measurabl/pages/gri-overview
0-9|folder|Customers|12688|https://app.tettra.co/teams/measurabl/categories/137293/folders/12688
0-9-0|page|On boarding Process for New Customers (Not just Pro)|on-boarding-process-for-new-customers-not-just-pro|https://app.tettra.co/teams/measurabl/pages/on-boarding-process-for-new-customers-not-just-pro
0-9-1|page|Tips & Tricks for Success in Customer Success|tips-tricks-for-success-in-customer-success|https://app.tettra.co/teams/measurabl/pages/tips-tricks-for-success-in-customer-success
0-9-2|page|Onboarding Email Template #2|onboarding-email-template-2|https://app.tettra.co/teams/measurabl/pages/onboarding-email-template-2
0-9-3|page|Onboarding Email Template #1|onboarding-email-template-1|https://app.tettra.co/teams/measurabl/pages/onboarding-email-template-1
0-9-4|page|Customer Succes Levels of Service|customer-succes-levels-of-service|https://app.tettra.co/teams/measurabl/pages/customer-succes-levels-of-service
0-9-5|page|On boarding Process for New Enterprise Customers|on-boarding-process-for-new-enterprise-customers|https://app.tettra.co/teams/measurabl/pages/on-boarding-process-for-new-enterprise-customers
0-10|folder|Reporting 2018|12537|https://app.tettra.co/teams/measurabl/categories/137293/folders/12537
0-10-0|page|3rd Party Assurance & Verification|3rd-party-assurance-verification|https://app.tettra.co/teams/measurabl/pages/3rd-party-assurance-verification
0-10-1|page|ISOS/LRQA Assurance Process|isoslrqa-assurance-process|https://app.tettra.co/teams/measurabl/pages/isoslrqa-assurance-process
0-10-2|page|CDP Gap Analysis|cdp-gap-analysis|https://app.tettra.co/teams/measurabl/pages/cdp-gap-analysis
0-11|folder|Utility Sync|12469|https://app.tettra.co/teams/measurabl/categories/137293/folders/12469
0-11-0|page|Info-gathering when user is unhappy with Usync|info-gathering-when-user-is-unhappy-with-usync|https://app.tettra.co/teams/measurabl/pages/info-gathering-when-user-is-unhappy-with-usync
0-11-1|page|Bulk Historical Billing Projects via Ardem|bulk-historical-billing-projects-via-ardem|https://app.tettra.co/teams/measurabl/pages/bulk-historical-billing-projects-via-ardem
0-11-2|page|ConService Utility Sync Activation|conservice-utility-sync-activation|https://app.tettra.co/teams/measurabl/pages/conservice-utility-sync-activation
0-11-3|page|Xcel Energy - Extraction Discrepancies|xcel-energy-extraction-discrepancies|https://app.tettra.co/teams/measurabl/pages/xcel-energy-extraction-discrepancies
0-11-4|page|USync Data Modification : Utility Bill->Measurabl|usync-data-modification-utility-bill-measurabl|https://app.tettra.co/teams/measurabl/pages/usync-data-modification-utility-bill-measurabl
0-11-5|page|Utility Sync - KPI's|utility-sync-kpis|https://app.tettra.co/teams/measurabl/pages/utility-sync-kpis
0-11-6|page|Utility Sync - QA Plan|utility-sync-qa-plan|https://app.tettra.co/teams/measurabl/pages/utility-sync-qa-plan
0-11-7|page|USync - Pre-Requisites for Data Extraction|usync-pre-requisites-for-data-extraction|https://app.tettra.co/teams/measurabl/pages/usync-pre-requisites-for-data-extraction
0-11-8|page|Utility-Sync : Technical Processes _ Know-How|utility-sync-technical-processes-know-how|https://app.tettra.co/teams/measurabl/pages/utility-sync-technical-processes-know-how
0-11-9|page|Whitelisting and Why|whitelisting-and-why|https://app.tettra.co/teams/measurabl/pages/whitelisting-and-why
0-11-10|page|Template for Non-Latin OCR|Ardem Requirements|template-for-non-latin-ocrardem-requirements|https://app.tettra.co/teams/measurabl/pages/template-for-non-latin-ocrardem-requirements
0-11-11|page|Utility-Sync Strategy : Nikk's Recommendations|utility-sync-strategy-nikks-recommendations|https://app.tettra.co/teams/measurabl/pages/utility-sync-strategy-nikks-recommendations
0-11-12|page|Unknown Accounts Site Blacklist|unknown-accounts-site-blacklist|https://app.tettra.co/teams/measurabl/pages/unknown-accounts-site-blacklist
0-11-13|page|S3 Cheat Sheet|s3-cheat-sheet|https://app.tettra.co/teams/measurabl/pages/s3-cheat-sheet
0-11-14|page|Utility Sync Tasks|utility-sync-tasks|https://app.tettra.co/teams/measurabl/pages/utility-sync-tasks
0-11-15|page|Utility Sync Weekly Email Process|utility-sync-weekly-email-process|https://app.tettra.co/teams/measurabl/pages/utility-sync-weekly-email-process
0-11-16|page|Switching a site from Manual to USync|switching-a-site-from-manual-to-usync|https://app.tettra.co/teams/measurabl/pages/switching-a-site-from-manual-to-usync
0-11-17|page|ARDEM Activation|ardem-activation|https://app.tettra.co/teams/measurabl/pages/ardem-activation
0-11-18|page|Aggregate Electric Portals|aggregate-electric-portals|https://app.tettra.co/teams/measurabl/pages/aggregate-electric-portals
0-11-19|page|Waste Support|waste-support|https://app.tettra.co/teams/measurabl/pages/waste-support
0-11-20|page|Utility Sync: Customer Issues|utility-sync-customer-issues|https://app.tettra.co/teams/measurabl/pages/utility-sync-customer-issues
0-12|page|Calendarization|calendarization|https://app.tettra.co/teams/measurabl/pages/calendarization
0-13|page|Zoom: Training Set-Up, Registration, Recording|zoom-training-set-up-registration-recording|https://app.tettra.co/teams/measurabl/pages/zoom-training-set-up-registration-recording
0-14|page|Site Manager Training Email Template|site-manager-training-email-template|https://app.tettra.co/teams/measurabl/pages/site-manager-training-email-template
0-15|page|CDP Mapping - MSR to CDP Portal|cdp-mapping-msr-to-cdp-portal|https://app.tettra.co/teams/measurabl/pages/cdp-mapping-msr-to-cdp-portal
0-16|page|Real Estate/Sustainability Glossary|real-estatesustainability-glossary|https://app.tettra.co/teams/measurabl/pages/real-estatesustainability-glossary
0-17|page|The difference between ESTAR and MSR uploads|the-difference-between-estar-and-msr-uploads|https://app.tettra.co/teams/measurabl/pages/the-difference-between-estar-and-msr-uploads
0-18|page|Instructions & Quick Links|instructions-quick-links|https://app.tettra.co/teams/measurabl/pages/instructions-quick-links
1|category|Sales|137282|https://app.tettra.co/teams/measurabl/categories/137282
1-0|folder|Weekly Updates|12527|https://app.tettra.co/teams/measurabl/categories/137282/folders/12527
1-0-0|page|Sean's Weekly Sales Report:|seans-weekly-sales-report|https://app.tettra.co/teams/measurabl/pages/seans-weekly-sales-report
1-0-1|page|Gabe's SDR Weekly Updates|gabes-sdr-weekly-updates|https://app.tettra.co/teams/measurabl/pages/gabes-sdr-weekly-updates
1-0-2|page|Mel's Weekly Sales Reports:|mels-weekly-sales-reports|https://app.tettra.co/teams/measurabl/pages/mels-weekly-sales-reports
1-0-3|page|Drew's SDR Weekly Update|drews-sdr-weekly-update|https://app.tettra.co/teams/measurabl/pages/drews-sdr-weekly-update
1-0-4|page|Chase's Weekly Sales Reports:|chases-weekly-sales-reports|https://app.tettra.co/teams/measurabl/pages/chases-weekly-sales-reports
1-1|folder|Email Templates|18147|https://app.tettra.co/teams/measurabl/categories/137282/folders/18147
1-2|folder|Sales Processes|16374|https://app.tettra.co/teams/measurabl/categories/137282/folders/16374
1-2-0|page|Client Renewals|client-renewals|https://app.tettra.co/teams/measurabl/pages/client-renewals
1-2-1|page|Value Propositions Conversation|value-propositions-conversation|https://app.tettra.co/teams/measurabl/pages/value-propositions-conversation
1-3|folder|Partnership Channel|15983|https://app.tettra.co/teams/measurabl/categories/137282/folders/15983
1-3-0|page|Marketplace Services|marketplace-services|https://app.tettra.co/teams/measurabl/pages/marketplace-services
1-3-1|page|Release Notes for Partners TEMPLATE|release-notes-for-partners-template|https://app.tettra.co/teams/measurabl/pages/release-notes-for-partners-template
1-3-2|page|Marketing - Partner Program|marketing-partner-program|https://app.tettra.co/teams/measurabl/pages/marketing-partner-program
1-3-3|page|Business Plan - Go to Market Strategy - Partners|business-plan-go-to-market-strategy-partners|https://app.tettra.co/teams/measurabl/pages/business-plan-go-to-market-strategy-partners
1-3-4|page|Pricing and Partner Structure:|pricing-and-partner-structure|https://app.tettra.co/teams/measurabl/pages/pricing-and-partner-structure
1-3-5|page|Partners (Master List)|partners-master-list|https://app.tettra.co/teams/measurabl/pages/partners-master-list
1-3-6|page|GRESB|gresb|https://app.tettra.co/teams/measurabl/pages/gresb
1-3-7|page|ULI|uli|https://app.tettra.co/teams/measurabl/pages/uli
1-3-8|page|BOMA|boma|https://app.tettra.co/teams/measurabl/pages/boma
1-4|folder|SDR Folder|14319|https://app.tettra.co/teams/measurabl/categories/137282/folders/14319
1-4-0|page|Upfront Contracts (Call #1 & Call #2)|upfront-contracts-call-1-call-2|https://app.tettra.co/teams/measurabl/pages/upfront-contracts-call-1-call-2
1-4-1|page|SDR Weekly Meeting|sdr-weekly-meeting|https://app.tettra.co/teams/measurabl/pages/sdr-weekly-meeting
1-4-2|page|SDR Onboarding|sdr-onboarding|https://app.tettra.co/teams/measurabl/pages/sdr-onboarding
1-4-3|page|SDR Deal Process Workflow|sdr-deal-process-workflow|https://app.tettra.co/teams/measurabl/pages/sdr-deal-process-workflow
1-4-4|page|SDR Training Day|sdr-training-day|https://app.tettra.co/teams/measurabl/pages/sdr-training-day
1-4-5|page|Customer Activity Channel|customer-activity-channel|https://app.tettra.co/teams/measurabl/pages/customer-activity-channel
1-4-6|page|Event Planning & Lifecycle|event-planning-lifecycle|https://app.tettra.co/teams/measurabl/pages/event-planning-lifecycle
1-4-7|page|Baseline SDR script for CC|baseline-sdr-script-for-cc|https://app.tettra.co/teams/measurabl/pages/baseline-sdr-script-for-cc
1-4-8|page|Template emails|template-emails|https://app.tettra.co/teams/measurabl/pages/template-emails
1-5|folder|Opportunities|12829|https://app.tettra.co/teams/measurabl/categories/137282/folders/12829
1-5-0|page|HCP insights|hcp-insights|https://app.tettra.co/teams/measurabl/pages/hcp-insights
1-5-1|page|E4 - Mexican Benchmarking Platform - DRAFT|e4-mexican-benchmarking-platform-draft|https://app.tettra.co/teams/measurabl/pages/e4-mexican-benchmarking-platform-draft
1-5-2|page|Top 100 Real Estate Targets|top-100-real-estate-targets|https://app.tettra.co/teams/measurabl/pages/top-100-real-estate-targets
1-5-3|page|CBRE GWS (Global Workplace Solutions)|cbre-gws-global-workplace-solutions|https://app.tettra.co/teams/measurabl/pages/cbre-gws-global-workplace-solutions
1-6|folder|RFP Info|12779|https://app.tettra.co/teams/measurabl/categories/137282/folders/12779
1-6-0|page|Company Info for RFP|company-info-for-rfp|https://app.tettra.co/teams/measurabl/pages/company-info-for-rfp
1-6-1|page|Enterprise RFP SaaS  process|enterprise-rfp-saas-process|https://app.tettra.co/teams/measurabl/pages/enterprise-rfp-saas-process
1-7|folder|Consultants|12374|https://app.tettra.co/teams/measurabl/categories/137282/folders/12374
1-7-0|page|Quinn and Partners (Q&P)|quinn-and-partners-qp|https://app.tettra.co/teams/measurabl/pages/quinn-and-partners-qp
1-7-1|page|Consultants (Master List)|consultants-master-list|https://app.tettra.co/teams/measurabl/pages/consultants-master-list
1-7-2|page|Environmental SAVE|environmental-save|https://app.tettra.co/teams/measurabl/pages/environmental-save
1-7-3|page|AERO Building Solutions|aero-building-solutions|https://app.tettra.co/teams/measurabl/pages/aero-building-solutions
1-7-4|page|Green Sports Alliance|green-sports-alliance|https://app.tettra.co/teams/measurabl/pages/green-sports-alliance
1-7-5|page|Patrick Engineering|patrick-engineering|https://app.tettra.co/teams/measurabl/pages/patrick-engineering
1-7-6|page|Servidyne|servidyne|https://app.tettra.co/teams/measurabl/pages/servidyne
1-7-7|page|Haley Aldrich|haley-aldrich|https://app.tettra.co/teams/measurabl/pages/haley-aldrich
1-7-8|page|Verdani|verdani|https://app.tettra.co/teams/measurabl/pages/verdani
1-7-9|page|ISOS|isos|https://app.tettra.co/teams/measurabl/pages/isos
1-7-10|page|SIG|sig|https://app.tettra.co/teams/measurabl/pages/sig
1-8|page|Our Deal Flow & Demo Flow Process Framework|our-deal-flow-demo-flow-process-framework|https://app.tettra.co/teams/measurabl/pages/our-deal-flow-demo-flow-process-framework
1-9|page|Measurabl Demo - key facts to hit|measurabl-demo-key-facts-to-hit|https://app.tettra.co/teams/measurabl/pages/measurabl-demo-key-facts-to-hit
1-10|page|Brainstorm: Why Corporate Occupiers need MSR|brainstorm-why-corporate-occupiers-need-msr|https://app.tettra.co/teams/measurabl/pages/brainstorm-why-corporate-occupiers-need-msr
1-11|page|Post-Demo Follow-Up Meeting|post-demo-follow-up-meeting|https://app.tettra.co/teams/measurabl/pages/post-demo-follow-up-meeting
1-12|page|Proposal Process - Current and Proposed|proposal-process-current-and-proposed|https://app.tettra.co/teams/measurabl/pages/proposal-process-current-and-proposed
1-13|page|Pricing Validation Process|pricing-validation-process|https://app.tettra.co/teams/measurabl/pages/pricing-validation-process
1-14|page|Bill Pay Providers|bill-pay-providers|https://app.tettra.co/teams/measurabl/pages/bill-pay-providers
2|category|Marketing|137281|https://app.tettra.co/teams/measurabl/categories/137281
2-0|folder|Market Intelligence|12732|https://app.tettra.co/teams/measurabl/categories/137281/folders/12732
2-0-0|page|JLL PEERS|jll-peers|https://app.tettra.co/teams/measurabl/pages/jll-peers
2-0-1|page|Competitors|competitors|https://app.tettra.co/teams/measurabl/pages/competitors
2-0-2|page|Greenstone +|greenstone|https://app.tettra.co/teams/measurabl/pages/greenstone
2-0-3|page|JLL (Sustainability)|jll-sustainability|https://app.tettra.co/teams/measurabl/pages/jll-sustainability
2-0-4|page|GOBY|goby|https://app.tettra.co/teams/measurabl/pages/goby
2-0-5|page|Mach Energy|mach-energy|https://app.tettra.co/teams/measurabl/pages/mach-energy
2-0-6|page|UL EHS - PURE|ul-ehs-pure|https://app.tettra.co/teams/measurabl/pages/ul-ehs-pure
2-0-7|page|Lucid|lucid|https://app.tettra.co/teams/measurabl/pages/lucid
2-0-8|page|Code Green Solutions|code-green-solutions|https://app.tettra.co/teams/measurabl/pages/code-green-solutions
2-0-9|page|Marketing Onboarding - for new Measurablites|marketing-onboarding-for-new-measurablites|https://app.tettra.co/teams/measurabl/pages/marketing-onboarding-for-new-measurablites
2-0-10|page|Marketing Partners|marketing-partners|https://app.tettra.co/teams/measurabl/pages/marketing-partners
2-0-11|page|greenofficetool.com|greenofficetoolcom|https://app.tettra.co/teams/measurabl/pages/greenofficetoolcom
2-0-12|page|Schneider Electric Resource Advisor|schneider-electric-resource-advisor|https://app.tettra.co/teams/measurabl/pages/schneider-electric-resource-advisor
2-0-13|page|Sustainalytics|sustainalytics|https://app.tettra.co/teams/measurabl/pages/sustainalytics
2-1|folder|Systems & Tools|15628|https://app.tettra.co/teams/measurabl/categories/137281/folders/15628
2-1-0|page|HubSpot naming convention changes - Marketing : Sales : CS|hubspot-naming-convention-changes-marketing-sales-cs|https://app.tettra.co/teams/measurabl/pages/hubspot-naming-convention-changes-marketing-sales-cs
2-1-1|page|Drift thoughts|drift-thoughts|https://app.tettra.co/teams/measurabl/pages/drift-thoughts
2-1-2|page|HubSpot data integrity issues to fix|hubspot-data-integrity-issues-to-fix|https://app.tettra.co/teams/measurabl/pages/hubspot-data-integrity-issues-to-fix
2-2|folder|Campaigns|13452|https://app.tettra.co/teams/measurabl/categories/137281/folders/13452
2-2-0|page|Upcoming campaign proposed timeline/activities|upcoming-campaign-proposed-timelineactivities|https://app.tettra.co/teams/measurabl/pages/upcoming-campaign-proposed-timelineactivities
2-2-1|page|Touchpoints w/customers|touchpoints-wcustomers|https://app.tettra.co/teams/measurabl/pages/touchpoints-wcustomers
2-3|folder|Content development|15627|https://app.tettra.co/teams/measurabl/categories/137281/folders/15627
2-3-0|page|Marketing Resources (webinars, one-pagers, etc.)|marketing-resources-webinars-one-pagers-etc|https://app.tettra.co/teams/measurabl/pages/marketing-resources-webinars-one-pagers-etc
2-4|folder|Events|15625|https://app.tettra.co/teams/measurabl/categories/137281/folders/15625
2-4-0|page|2018 events/attendees|2018-eventsattendees|https://app.tettra.co/teams/measurabl/pages/2018-eventsattendees
2-4-1|page|List of events on our radar|list-of-events-on-our-radar|https://app.tettra.co/teams/measurabl/pages/list-of-events-on-our-radar
2-4-2|page|Event process_12July2018.docx|event-process-12july2018docx|https://app.tettra.co/teams/measurabl/pages/event-process-12july2018docx
2-4-3|page|Event Strategy|event-strategy|https://app.tettra.co/teams/measurabl/pages/event-strategy
2-4-4|page|IBcon company attendee list (as of May 23)|ibcon-company-attendee-list-as-of-may-23|https://app.tettra.co/teams/measurabl/pages/ibcon-company-attendee-list-as-of-may-23
2-5|page|Conquest Pursuit Playbook Notes|conquest-pursuit-playbook-notes|https://app.tettra.co/teams/measurabl/pages/conquest-pursuit-playbook-notes
3|category|All Things Hubspot|147727|https://app.tettra.co/teams/measurabl/categories/147727
3-0|folder|Technical & Compliance Pages|15989|https://app.tettra.co/teams/measurabl/categories/147727/folders/15989
3-0-0|page|Hubspot CRM|hubspot-crm|https://app.tettra.co/teams/measurabl/pages/hubspot-crm
3-0-1|page|Hubspot Integration|hubspot-integration|https://app.tettra.co/teams/measurabl/pages/hubspot-integration
3-0-2|page|Hubspot - Testing API|hubspot-testing-api|https://app.tettra.co/teams/measurabl/pages/hubspot-testing-api
3-0-3|page|GDPR Compliance|gdpr-compliance|https://app.tettra.co/teams/measurabl/pages/gdpr-compliance
3-1|folder|Hubspot How to & Training|15988|https://app.tettra.co/teams/measurabl/categories/147727/folders/15988
3-1-0|page|How to create a Quote in Hubspot|how-to-create-a-quote-in-hubspot|https://app.tettra.co/teams/measurabl/pages/how-to-create-a-quote-in-hubspot
3-1-1|page|How to use Products in Hubspot|how-to-use-products-in-hubspot|https://app.tettra.co/teams/measurabl/pages/how-to-use-products-in-hubspot
3-1-2|page|How to find the leads in Hubspot|how-to-find-the-leads-in-hubspot|https://app.tettra.co/teams/measurabl/pages/how-to-find-the-leads-in-hubspot
3-1-3|page|Opportunity Creation & Validation Process|opportunity-creation-validation-process|https://app.tettra.co/teams/measurabl/pages/opportunity-creation-validation-process
3-2|folder|Customer Success|15987|https://app.tettra.co/teams/measurabl/categories/147727/folders/15987
3-3|folder|Sales|15986|https://app.tettra.co/teams/measurabl/categories/147727/folders/15986
3-3-0|page|Deal Types in Hubspot|deal-types-in-hubspot|https://app.tettra.co/teams/measurabl/pages/deal-types-in-hubspot
3-3-1|page|Deal Stages for Hubspot Current Sales Pipeline|deal-stages-for-hubspot-current-sales-pipeline|https://app.tettra.co/teams/measurabl/pages/deal-stages-for-hubspot-current-sales-pipeline
3-4|folder|Marketing|15985|https://app.tettra.co/teams/measurabl/categories/147727/folders/15985
3-5|page|Our Products in Hubspot|our-products-in-hubspot|https://app.tettra.co/teams/measurabl/pages/our-products-in-hubspot
3-6|page|Hubspot Knowledge Transfer|hubspot-knowledge-transfer|https://app.tettra.co/teams/measurabl/pages/hubspot-knowledge-transfer
4|category|New Employee Onboarding|137283|https://app.tettra.co/teams/measurabl/categories/137283
4-0|page|Security & Phishing - HelpDesk|security-phishing-helpdesk|https://app.tettra.co/teams/measurabl/pages/security-phishing-helpdesk
4-1|page|On Boarding Roadmap for new CS team members|on-boarding-roadmap-for-new-cs-team-members|https://app.tettra.co/teams/measurabl/pages/on-boarding-roadmap-for-new-cs-team-members
4-2|page|Using the Hello Videoconferencing Cameras|using-the-hello-videoconferencing-cameras|https://app.tettra.co/teams/measurabl/pages/using-the-hello-videoconferencing-cameras
4-3|page|Explaining Measurabl Concisely - from a new MSR employee|explaining-measurabl-concisely-from-a-new-msr-employee|https://app.tettra.co/teams/measurabl/pages/explaining-measurabl-concisely-from-a-new-msr-employee
5|category|Product|137285|https://app.tettra.co/teams/measurabl/categories/137285
5-0|folder|Team Notes|12780|https://app.tettra.co/teams/measurabl/categories/137285/folders/12780
5-0-0|page|Metabase|metabase|https://app.tettra.co/teams/measurabl/pages/metabase
5-0-1|page|Product Committee Process|product-committee-process|https://app.tettra.co/teams/measurabl/pages/product-committee-process
5-0-2|page|Feature Request Transition Plan|feature-request-transition-plan|https://app.tettra.co/teams/measurabl/pages/feature-request-transition-plan
5-0-3|page|Product backlog prioritisation feedback - JM|product-backlog-prioritisation-feedback-jm|https://app.tettra.co/teams/measurabl/pages/product-backlog-prioritisation-feedback-jm
5-0-4|page|Engaging Commercial Tenants and Occupants in Energy Efficiency|engaging-commercial-tenants-and-occupants-in-energy-efficiency|https://app.tettra.co/teams/measurabl/pages/engaging-commercial-tenants-and-occupants-in-energy-efficiency
5-0-5|page|Product feedback - JM|product-feedback-jm|https://app.tettra.co/teams/measurabl/pages/product-feedback-jm
5-0-6|page|VTS New Nav Webinar|vts-new-nav-webinar|https://app.tettra.co/teams/measurabl/pages/vts-new-nav-webinar
5-0-7|page|6 Proven Dashboard Views to Drive Sustainability Results Confirmation|6-proven-dashboard-views-to-drive-sustainability-results-confirmation|https://app.tettra.co/teams/measurabl/pages/6-proven-dashboard-views-to-drive-sustainability-results-confirmation
5-1|folder|Measurabl Guides|12666|https://app.tettra.co/teams/measurabl/categories/137285/folders/12666
5-1-0|page|Bulk Upload Instructions|bulk-upload-instructions|https://app.tettra.co/teams/measurabl/pages/bulk-upload-instructions
5-1-1|page|System Methodologies for Conversions, GHG (green house gas), Estimates|system-methodologies-for-conversions-ghg-green-house-gas-estimates|https://app.tettra.co/teams/measurabl/pages/system-methodologies-for-conversions-ghg-green-house-gas-estimates
5-1-2|page|Google Tag Manager|google-tag-manager|https://app.tettra.co/teams/measurabl/pages/google-tag-manager
5-1-3|page|Data Quality Alerts|data-quality-alerts|https://app.tettra.co/teams/measurabl/pages/data-quality-alerts
5-1-4|page|Measurabl Certifications|measurabl-certifications|https://app.tettra.co/teams/measurabl/pages/measurabl-certifications
5-1-5|page|Measurabl Surveys: Google Sheet Functionality|measurabl-surveys-google-sheet-functionality|https://app.tettra.co/teams/measurabl/pages/measurabl-surveys-google-sheet-functionality
5-1-6|page|GRESB Included Sites|gresb-included-sites|https://app.tettra.co/teams/measurabl/pages/gresb-included-sites
5-1-7|page|GHG Emissions: Scope 1+2+3|ghg-emissions-scope-123|https://app.tettra.co/teams/measurabl/pages/ghg-emissions-scope-123
5-2|folder|Discovery|12664|https://app.tettra.co/teams/measurabl/categories/137285/folders/12664
5-2-0|page|Green Office Tool|green-office-tool|https://app.tettra.co/teams/measurabl/pages/green-office-tool
5-3|page|Invision Process|invision-process|https://app.tettra.co/teams/measurabl/pages/invision-process
5-4|page|Filing Bug Tickets|filing-bug-tickets|https://app.tettra.co/teams/measurabl/pages/filing-bug-tickets
5-5|page|Spec Template|spec-template|https://app.tettra.co/teams/measurabl/pages/spec-template
